<?xml version="1.0" encoding="UTF-8"?>
<testsuite name="newDomain.HeroTest$Fails" tests="4" skipped="0" failures="0" errors="0" timestamp="2024-06-27T20:46:33" hostname="THEONE" time="0.038">
  <properties/>
  <testcase name="Should throw bad name exception()" classname="newDomain.HeroTest$Fails" time="0.027"/>
  <testcase name="Should throw agility exception()" classname="newDomain.HeroTest$Fails" time="0.007"/>
  <testcase name="Should throw perception exception()" classname="newDomain.HeroTest$Fails" time="0.001"/>
  <testcase name="Should throw strength exception()" classname="newDomain.HeroTest$Fails" time="0.0"/>
  <system-out><![CDATA[]]></system-out>
  <system-err><![CDATA[]]></system-err>
</testsuite>
