<?xml version="1.0" encoding="UTF-8"?>
<testsuite name="domain.legend.LegendTest$EasyMode" tests="300" skipped="0" failures="0" errors="0" timestamp="2024-05-16T20:01:32" hostname="THEONE" time="0.272">
  <properties/>
  <testcase name="repetition 1 of 300" classname="domain.legend.LegendTest$EasyMode" time="0.032"/>
  <testcase name="repetition 2 of 300" classname="domain.legend.LegendTest$EasyMode" time="0.0"/>
  <testcase name="repetition 3 of 300" classname="domain.legend.LegendTest$EasyMode" time="0.0"/>
  <testcase name="repetition 4 of 300" classname="domain.legend.LegendTest$EasyMode" time="0.0"/>
  <testcase name="repetition 5 of 300" classname="domain.legend.LegendTest$EasyMode" time="0.0"/>
  <testcase name="repetition 6 of 300" classname="domain.legend.LegendTest$EasyMode" time="0.0"/>
  <testcase name="repetition 7 of 300" classname="domain.legend.LegendTest$EasyMode" time="0.0"/>
  <testcase name="repetition 8 of 300" classname="domain.legend.LegendTest$EasyMode" time="0.0"/>
  <testcase name="repetition 9 of 300" classname="domain.legend.LegendTest$EasyMode" time="0.001"/>
  <testcase name="repetition 10 of 300" classname="domain.legend.LegendTest$EasyMode" time="0.001"/>
  <testcase name="repetition 11 of 300" classname="domain.legend.LegendTest$EasyMode" time="0.0"/>
  <testcase name="repetition 12 of 300" classname="domain.legend.LegendTest$EasyMode" time="0.0"/>
  <testcase name="repetition 13 of 300" classname="domain.legend.LegendTest$EasyMode" time="0.001"/>
  <testcase name="repetition 14 of 300" classname="domain.legend.LegendTest$EasyMode" time="0.001"/>
  <testcase name="repetition 15 of 300" classname="domain.legend.LegendTest$EasyMode" time="0.0"/>
  <testcase name="repetition 16 of 300" classname="domain.legend.LegendTest$EasyMode" time="0.001"/>
  <testcase name="repetition 17 of 300" classname="domain.legend.LegendTest$EasyMode" time="0.0"/>
  <testcase name="repetition 18 of 300" classname="domain.legend.LegendTest$EasyMode" time="0.001"/>
  <testcase name="repetition 19 of 300" classname="domain.legend.LegendTest$EasyMode" time="0.0"/>
  <testcase name="repetition 20 of 300" classname="domain.legend.LegendTest$EasyMode" time="0.001"/>
  <testcase name="repetition 21 of 300" classname="domain.legend.LegendTest$EasyMode" time="0.0"/>
  <testcase name="repetition 22 of 300" classname="domain.legend.LegendTest$EasyMode" time="0.0"/>
  <testcase name="repetition 23 of 300" classname="domain.legend.LegendTest$EasyMode" time="0.001"/>
  <testcase name="repetition 24 of 300" classname="domain.legend.LegendTest$EasyMode" time="0.0"/>
  <testcase name="repetition 25 of 300" classname="domain.legend.LegendTest$EasyMode" time="0.001"/>
  <testcase name="repetition 26 of 300" classname="domain.legend.LegendTest$EasyMode" time="0.0"/>
  <testcase name="repetition 27 of 300" classname="domain.legend.LegendTest$EasyMode" time="0.0"/>
  <testcase name="repetition 28 of 300" classname="domain.legend.LegendTest$EasyMode" time="0.0"/>
  <testcase name="repetition 29 of 300" classname="domain.legend.LegendTest$EasyMode" time="0.0"/>
  <testcase name="repetition 30 of 300" classname="domain.legend.LegendTest$EasyMode" time="0.001"/>
  <testcase name="repetition 31 of 300" classname="domain.legend.LegendTest$EasyMode" time="0.001"/>
  <testcase name="repetition 32 of 300" classname="domain.legend.LegendTest$EasyMode" time="0.001"/>
  <testcase name="repetition 33 of 300" classname="domain.legend.LegendTest$EasyMode" time="0.0"/>
  <testcase name="repetition 34 of 300" classname="domain.legend.LegendTest$EasyMode" time="0.001"/>
  <testcase name="repetition 35 of 300" classname="domain.legend.LegendTest$EasyMode" time="0.001"/>
  <testcase name="repetition 36 of 300" classname="domain.legend.LegendTest$EasyMode" time="0.001"/>
  <testcase name="repetition 37 of 300" classname="domain.legend.LegendTest$EasyMode" time="0.0"/>
  <testcase name="repetition 38 of 300" classname="domain.legend.LegendTest$EasyMode" time="0.0"/>
  <testcase name="repetition 39 of 300" classname="domain.legend.LegendTest$EasyMode" time="0.0"/>
  <testcase name="repetition 40 of 300" classname="domain.legend.LegendTest$EasyMode" time="0.0"/>
  <testcase name="repetition 41 of 300" classname="domain.legend.LegendTest$EasyMode" time="0.001"/>
  <testcase name="repetition 42 of 300" classname="domain.legend.LegendTest$EasyMode" time="0.001"/>
  <testcase name="repetition 43 of 300" classname="domain.legend.LegendTest$EasyMode" time="0.001"/>
  <testcase name="repetition 44 of 300" classname="domain.legend.LegendTest$EasyMode" time="0.0"/>
  <testcase name="repetition 45 of 300" classname="domain.legend.LegendTest$EasyMode" time="0.0"/>
  <testcase name="repetition 46 of 300" classname="domain.legend.LegendTest$EasyMode" time="0.0"/>
  <testcase name="repetition 47 of 300" classname="domain.legend.LegendTest$EasyMode" time="0.0"/>
  <testcase name="repetition 48 of 300" classname="domain.legend.LegendTest$EasyMode" time="0.002"/>
  <testcase name="repetition 49 of 300" classname="domain.legend.LegendTest$EasyMode" time="0.001"/>
  <testcase name="repetition 50 of 300" classname="domain.legend.LegendTest$EasyMode" time="0.0"/>
  <testcase name="repetition 51 of 300" classname="domain.legend.LegendTest$EasyMode" time="0.0"/>
  <testcase name="repetition 52 of 300" classname="domain.legend.LegendTest$EasyMode" time="0.0"/>
  <testcase name="repetition 53 of 300" classname="domain.legend.LegendTest$EasyMode" time="0.001"/>
  <testcase name="repetition 54 of 300" classname="domain.legend.LegendTest$EasyMode" time="0.001"/>
  <testcase name="repetition 55 of 300" classname="domain.legend.LegendTest$EasyMode" time="0.0"/>
  <testcase name="repetition 56 of 300" classname="domain.legend.LegendTest$EasyMode" time="0.0"/>
  <testcase name="repetition 57 of 300" classname="domain.legend.LegendTest$EasyMode" time="0.0"/>
  <testcase name="repetition 58 of 300" classname="domain.legend.LegendTest$EasyMode" time="0.0"/>
  <testcase name="repetition 59 of 300" classname="domain.legend.LegendTest$EasyMode" time="0.001"/>
  <testcase name="repetition 60 of 300" classname="domain.legend.LegendTest$EasyMode" time="0.0"/>
  <testcase name="repetition 61 of 300" classname="domain.legend.LegendTest$EasyMode" time="0.001"/>
  <testcase name="repetition 62 of 300" classname="domain.legend.LegendTest$EasyMode" time="0.0"/>
  <testcase name="repetition 63 of 300" classname="domain.legend.LegendTest$EasyMode" time="0.001"/>
  <testcase name="repetition 64 of 300" classname="domain.legend.LegendTest$EasyMode" time="0.001"/>
  <testcase name="repetition 65 of 300" classname="domain.legend.LegendTest$EasyMode" time="0.001"/>
  <testcase name="repetition 66 of 300" classname="domain.legend.LegendTest$EasyMode" time="0.0"/>
  <testcase name="repetition 67 of 300" classname="domain.legend.LegendTest$EasyMode" time="0.0"/>
  <testcase name="repetition 68 of 300" classname="domain.legend.LegendTest$EasyMode" time="0.0"/>
  <testcase name="repetition 69 of 300" classname="domain.legend.LegendTest$EasyMode" time="0.001"/>
  <testcase name="repetition 70 of 300" classname="domain.legend.LegendTest$EasyMode" time="0.0"/>
  <testcase name="repetition 71 of 300" classname="domain.legend.LegendTest$EasyMode" time="0.0"/>
  <testcase name="repetition 72 of 300" classname="domain.legend.LegendTest$EasyMode" time="0.0"/>
  <testcase name="repetition 73 of 300" classname="domain.legend.LegendTest$EasyMode" time="0.0"/>
  <testcase name="repetition 74 of 300" classname="domain.legend.LegendTest$EasyMode" time="0.001"/>
  <testcase name="repetition 75 of 300" classname="domain.legend.LegendTest$EasyMode" time="0.001"/>
  <testcase name="repetition 76 of 300" classname="domain.legend.LegendTest$EasyMode" time="0.0"/>
  <testcase name="repetition 77 of 300" classname="domain.legend.LegendTest$EasyMode" time="0.0"/>
  <testcase name="repetition 78 of 300" classname="domain.legend.LegendTest$EasyMode" time="0.0"/>
  <testcase name="repetition 79 of 300" classname="domain.legend.LegendTest$EasyMode" time="0.001"/>
  <testcase name="repetition 80 of 300" classname="domain.legend.LegendTest$EasyMode" time="0.0"/>
  <testcase name="repetition 81 of 300" classname="domain.legend.LegendTest$EasyMode" time="0.0"/>
  <testcase name="repetition 82 of 300" classname="domain.legend.LegendTest$EasyMode" time="0.0"/>
  <testcase name="repetition 83 of 300" classname="domain.legend.LegendTest$EasyMode" time="0.0"/>
  <testcase name="repetition 84 of 300" classname="domain.legend.LegendTest$EasyMode" time="0.0"/>
  <testcase name="repetition 85 of 300" classname="domain.legend.LegendTest$EasyMode" time="0.0"/>
  <testcase name="repetition 86 of 300" classname="domain.legend.LegendTest$EasyMode" time="0.001"/>
  <testcase name="repetition 87 of 300" classname="domain.legend.LegendTest$EasyMode" time="0.001"/>
  <testcase name="repetition 88 of 300" classname="domain.legend.LegendTest$EasyMode" time="0.001"/>
  <testcase name="repetition 89 of 300" classname="domain.legend.LegendTest$EasyMode" time="0.0"/>
  <testcase name="repetition 90 of 300" classname="domain.legend.LegendTest$EasyMode" time="0.0"/>
  <testcase name="repetition 91 of 300" classname="domain.legend.LegendTest$EasyMode" time="0.001"/>
  <testcase name="repetition 92 of 300" classname="domain.legend.LegendTest$EasyMode" time="0.0"/>
  <testcase name="repetition 93 of 300" classname="domain.legend.LegendTest$EasyMode" time="0.0"/>
  <testcase name="repetition 94 of 300" classname="domain.legend.LegendTest$EasyMode" time="0.001"/>
  <testcase name="repetition 95 of 300" classname="domain.legend.LegendTest$EasyMode" time="0.001"/>
  <testcase name="repetition 96 of 300" classname="domain.legend.LegendTest$EasyMode" time="0.0"/>
  <testcase name="repetition 97 of 300" classname="domain.legend.LegendTest$EasyMode" time="0.0"/>
  <testcase name="repetition 98 of 300" classname="domain.legend.LegendTest$EasyMode" time="0.001"/>
  <testcase name="repetition 99 of 300" classname="domain.legend.LegendTest$EasyMode" time="0.001"/>
  <testcase name="repetition 100 of 300" classname="domain.legend.LegendTest$EasyMode" time="0.0"/>
  <testcase name="repetition 101 of 300" classname="domain.legend.LegendTest$EasyMode" time="0.001"/>
  <testcase name="repetition 102 of 300" classname="domain.legend.LegendTest$EasyMode" time="0.0"/>
  <testcase name="repetition 103 of 300" classname="domain.legend.LegendTest$EasyMode" time="0.0"/>
  <testcase name="repetition 104 of 300" classname="domain.legend.LegendTest$EasyMode" time="0.0"/>
  <testcase name="repetition 105 of 300" classname="domain.legend.LegendTest$EasyMode" time="0.0"/>
  <testcase name="repetition 106 of 300" classname="domain.legend.LegendTest$EasyMode" time="0.0"/>
  <testcase name="repetition 107 of 300" classname="domain.legend.LegendTest$EasyMode" time="0.0"/>
  <testcase name="repetition 108 of 300" classname="domain.legend.LegendTest$EasyMode" time="0.001"/>
  <testcase name="repetition 109 of 300" classname="domain.legend.LegendTest$EasyMode" time="0.0"/>
  <testcase name="repetition 110 of 300" classname="domain.legend.LegendTest$EasyMode" time="0.0"/>
  <testcase name="repetition 111 of 300" classname="domain.legend.LegendTest$EasyMode" time="0.0"/>
  <testcase name="repetition 112 of 300" classname="domain.legend.LegendTest$EasyMode" time="0.001"/>
  <testcase name="repetition 113 of 300" classname="domain.legend.LegendTest$EasyMode" time="0.001"/>
  <testcase name="repetition 114 of 300" classname="domain.legend.LegendTest$EasyMode" time="0.0"/>
  <testcase name="repetition 115 of 300" classname="domain.legend.LegendTest$EasyMode" time="0.0"/>
  <testcase name="repetition 116 of 300" classname="domain.legend.LegendTest$EasyMode" time="0.0"/>
  <testcase name="repetition 117 of 300" classname="domain.legend.LegendTest$EasyMode" time="0.001"/>
  <testcase name="repetition 118 of 300" classname="domain.legend.LegendTest$EasyMode" time="0.0"/>
  <testcase name="repetition 119 of 300" classname="domain.legend.LegendTest$EasyMode" time="0.0"/>
  <testcase name="repetition 120 of 300" classname="domain.legend.LegendTest$EasyMode" time="0.0"/>
  <testcase name="repetition 121 of 300" classname="domain.legend.LegendTest$EasyMode" time="0.0"/>
  <testcase name="repetition 122 of 300" classname="domain.legend.LegendTest$EasyMode" time="0.001"/>
  <testcase name="repetition 123 of 300" classname="domain.legend.LegendTest$EasyMode" time="0.001"/>
  <testcase name="repetition 124 of 300" classname="domain.legend.LegendTest$EasyMode" time="0.0"/>
  <testcase name="repetition 125 of 300" classname="domain.legend.LegendTest$EasyMode" time="0.0"/>
  <testcase name="repetition 126 of 300" classname="domain.legend.LegendTest$EasyMode" time="0.0"/>
  <testcase name="repetition 127 of 300" classname="domain.legend.LegendTest$EasyMode" time="0.001"/>
  <testcase name="repetition 128 of 300" classname="domain.legend.LegendTest$EasyMode" time="0.0"/>
  <testcase name="repetition 129 of 300" classname="domain.legend.LegendTest$EasyMode" time="0.001"/>
  <testcase name="repetition 130 of 300" classname="domain.legend.LegendTest$EasyMode" time="0.001"/>
  <testcase name="repetition 131 of 300" classname="domain.legend.LegendTest$EasyMode" time="0.0"/>
  <testcase name="repetition 132 of 300" classname="domain.legend.LegendTest$EasyMode" time="0.0"/>
  <testcase name="repetition 133 of 300" classname="domain.legend.LegendTest$EasyMode" time="0.0"/>
  <testcase name="repetition 134 of 300" classname="domain.legend.LegendTest$EasyMode" time="0.001"/>
  <testcase name="repetition 135 of 300" classname="domain.legend.LegendTest$EasyMode" time="0.0"/>
  <testcase name="repetition 136 of 300" classname="domain.legend.LegendTest$EasyMode" time="0.001"/>
  <testcase name="repetition 137 of 300" classname="domain.legend.LegendTest$EasyMode" time="0.0"/>
  <testcase name="repetition 138 of 300" classname="domain.legend.LegendTest$EasyMode" time="0.001"/>
  <testcase name="repetition 139 of 300" classname="domain.legend.LegendTest$EasyMode" time="0.0"/>
  <testcase name="repetition 140 of 300" classname="domain.legend.LegendTest$EasyMode" time="0.001"/>
  <testcase name="repetition 141 of 300" classname="domain.legend.LegendTest$EasyMode" time="0.0"/>
  <testcase name="repetition 142 of 300" classname="domain.legend.LegendTest$EasyMode" time="0.0"/>
  <testcase name="repetition 143 of 300" classname="domain.legend.LegendTest$EasyMode" time="0.001"/>
  <testcase name="repetition 144 of 300" classname="domain.legend.LegendTest$EasyMode" time="0.0"/>
  <testcase name="repetition 145 of 300" classname="domain.legend.LegendTest$EasyMode" time="0.001"/>
  <testcase name="repetition 146 of 300" classname="domain.legend.LegendTest$EasyMode" time="0.0"/>
  <testcase name="repetition 147 of 300" classname="domain.legend.LegendTest$EasyMode" time="0.001"/>
  <testcase name="repetition 148 of 300" classname="domain.legend.LegendTest$EasyMode" time="0.0"/>
  <testcase name="repetition 149 of 300" classname="domain.legend.LegendTest$EasyMode" time="0.0"/>
  <testcase name="repetition 150 of 300" classname="domain.legend.LegendTest$EasyMode" time="0.0"/>
  <testcase name="repetition 151 of 300" classname="domain.legend.LegendTest$EasyMode" time="0.0"/>
  <testcase name="repetition 152 of 300" classname="domain.legend.LegendTest$EasyMode" time="0.0"/>
  <testcase name="repetition 153 of 300" classname="domain.legend.LegendTest$EasyMode" time="0.0"/>
  <testcase name="repetition 154 of 300" classname="domain.legend.LegendTest$EasyMode" time="0.0"/>
  <testcase name="repetition 155 of 300" classname="domain.legend.LegendTest$EasyMode" time="0.001"/>
  <testcase name="repetition 156 of 300" classname="domain.legend.LegendTest$EasyMode" time="0.0"/>
  <testcase name="repetition 157 of 300" classname="domain.legend.LegendTest$EasyMode" time="0.0"/>
  <testcase name="repetition 158 of 300" classname="domain.legend.LegendTest$EasyMode" time="0.001"/>
  <testcase name="repetition 159 of 300" classname="domain.legend.LegendTest$EasyMode" time="0.0"/>
  <testcase name="repetition 160 of 300" classname="domain.legend.LegendTest$EasyMode" time="0.0"/>
  <testcase name="repetition 161 of 300" classname="domain.legend.LegendTest$EasyMode" time="0.0"/>
  <testcase name="repetition 162 of 300" classname="domain.legend.LegendTest$EasyMode" time="0.0"/>
  <testcase name="repetition 163 of 300" classname="domain.legend.LegendTest$EasyMode" time="0.0"/>
  <testcase name="repetition 164 of 300" classname="domain.legend.LegendTest$EasyMode" time="0.0"/>
  <testcase name="repetition 165 of 300" classname="domain.legend.LegendTest$EasyMode" time="0.001"/>
  <testcase name="repetition 166 of 300" classname="domain.legend.LegendTest$EasyMode" time="0.0"/>
  <testcase name="repetition 167 of 300" classname="domain.legend.LegendTest$EasyMode" time="0.0"/>
  <testcase name="repetition 168 of 300" classname="domain.legend.LegendTest$EasyMode" time="0.0"/>
  <testcase name="repetition 169 of 300" classname="domain.legend.LegendTest$EasyMode" time="0.0"/>
  <testcase name="repetition 170 of 300" classname="domain.legend.LegendTest$EasyMode" time="0.0"/>
  <testcase name="repetition 171 of 300" classname="domain.legend.LegendTest$EasyMode" time="0.0"/>
  <testcase name="repetition 172 of 300" classname="domain.legend.LegendTest$EasyMode" time="0.001"/>
  <testcase name="repetition 173 of 300" classname="domain.legend.LegendTest$EasyMode" time="0.0"/>
  <testcase name="repetition 174 of 300" classname="domain.legend.LegendTest$EasyMode" time="0.001"/>
  <testcase name="repetition 175 of 300" classname="domain.legend.LegendTest$EasyMode" time="0.0"/>
  <testcase name="repetition 176 of 300" classname="domain.legend.LegendTest$EasyMode" time="0.0"/>
  <testcase name="repetition 177 of 300" classname="domain.legend.LegendTest$EasyMode" time="0.0"/>
  <testcase name="repetition 178 of 300" classname="domain.legend.LegendTest$EasyMode" time="0.001"/>
  <testcase name="repetition 179 of 300" classname="domain.legend.LegendTest$EasyMode" time="0.0"/>
  <testcase name="repetition 180 of 300" classname="domain.legend.LegendTest$EasyMode" time="0.0"/>
  <testcase name="repetition 181 of 300" classname="domain.legend.LegendTest$EasyMode" time="0.0"/>
  <testcase name="repetition 182 of 300" classname="domain.legend.LegendTest$EasyMode" time="0.0"/>
  <testcase name="repetition 183 of 300" classname="domain.legend.LegendTest$EasyMode" time="0.0"/>
  <testcase name="repetition 184 of 300" classname="domain.legend.LegendTest$EasyMode" time="0.0"/>
  <testcase name="repetition 185 of 300" classname="domain.legend.LegendTest$EasyMode" time="0.0"/>
  <testcase name="repetition 186 of 300" classname="domain.legend.LegendTest$EasyMode" time="0.001"/>
  <testcase name="repetition 187 of 300" classname="domain.legend.LegendTest$EasyMode" time="0.0"/>
  <testcase name="repetition 188 of 300" classname="domain.legend.LegendTest$EasyMode" time="0.0"/>
  <testcase name="repetition 189 of 300" classname="domain.legend.LegendTest$EasyMode" time="0.0"/>
  <testcase name="repetition 190 of 300" classname="domain.legend.LegendTest$EasyMode" time="0.0"/>
  <testcase name="repetition 191 of 300" classname="domain.legend.LegendTest$EasyMode" time="0.0"/>
  <testcase name="repetition 192 of 300" classname="domain.legend.LegendTest$EasyMode" time="0.0"/>
  <testcase name="repetition 193 of 300" classname="domain.legend.LegendTest$EasyMode" time="0.0"/>
  <testcase name="repetition 194 of 300" classname="domain.legend.LegendTest$EasyMode" time="0.0"/>
  <testcase name="repetition 195 of 300" classname="domain.legend.LegendTest$EasyMode" time="0.0"/>
  <testcase name="repetition 196 of 300" classname="domain.legend.LegendTest$EasyMode" time="0.001"/>
  <testcase name="repetition 197 of 300" classname="domain.legend.LegendTest$EasyMode" time="0.0"/>
  <testcase name="repetition 198 of 300" classname="domain.legend.LegendTest$EasyMode" time="0.0"/>
  <testcase name="repetition 199 of 300" classname="domain.legend.LegendTest$EasyMode" time="0.0"/>
  <testcase name="repetition 200 of 300" classname="domain.legend.LegendTest$EasyMode" time="0.0"/>
  <testcase name="repetition 201 of 300" classname="domain.legend.LegendTest$EasyMode" time="0.0"/>
  <testcase name="repetition 202 of 300" classname="domain.legend.LegendTest$EasyMode" time="0.0"/>
  <testcase name="repetition 203 of 300" classname="domain.legend.LegendTest$EasyMode" time="0.001"/>
  <testcase name="repetition 204 of 300" classname="domain.legend.LegendTest$EasyMode" time="0.0"/>
  <testcase name="repetition 205 of 300" classname="domain.legend.LegendTest$EasyMode" time="0.001"/>
  <testcase name="repetition 206 of 300" classname="domain.legend.LegendTest$EasyMode" time="0.0"/>
  <testcase name="repetition 207 of 300" classname="domain.legend.LegendTest$EasyMode" time="0.001"/>
  <testcase name="repetition 208 of 300" classname="domain.legend.LegendTest$EasyMode" time="0.0"/>
  <testcase name="repetition 209 of 300" classname="domain.legend.LegendTest$EasyMode" time="0.0"/>
  <testcase name="repetition 210 of 300" classname="domain.legend.LegendTest$EasyMode" time="0.0"/>
  <testcase name="repetition 211 of 300" classname="domain.legend.LegendTest$EasyMode" time="0.0"/>
  <testcase name="repetition 212 of 300" classname="domain.legend.LegendTest$EasyMode" time="0.001"/>
  <testcase name="repetition 213 of 300" classname="domain.legend.LegendTest$EasyMode" time="0.0"/>
  <testcase name="repetition 214 of 300" classname="domain.legend.LegendTest$EasyMode" time="0.001"/>
  <testcase name="repetition 215 of 300" classname="domain.legend.LegendTest$EasyMode" time="0.0"/>
  <testcase name="repetition 216 of 300" classname="domain.legend.LegendTest$EasyMode" time="0.0"/>
  <testcase name="repetition 217 of 300" classname="domain.legend.LegendTest$EasyMode" time="0.001"/>
  <testcase name="repetition 218 of 300" classname="domain.legend.LegendTest$EasyMode" time="0.0"/>
  <testcase name="repetition 219 of 300" classname="domain.legend.LegendTest$EasyMode" time="0.001"/>
  <testcase name="repetition 220 of 300" classname="domain.legend.LegendTest$EasyMode" time="0.0"/>
  <testcase name="repetition 221 of 300" classname="domain.legend.LegendTest$EasyMode" time="0.001"/>
  <testcase name="repetition 222 of 300" classname="domain.legend.LegendTest$EasyMode" time="0.0"/>
  <testcase name="repetition 223 of 300" classname="domain.legend.LegendTest$EasyMode" time="0.001"/>
  <testcase name="repetition 224 of 300" classname="domain.legend.LegendTest$EasyMode" time="0.0"/>
  <testcase name="repetition 225 of 300" classname="domain.legend.LegendTest$EasyMode" time="0.0"/>
  <testcase name="repetition 226 of 300" classname="domain.legend.LegendTest$EasyMode" time="0.0"/>
  <testcase name="repetition 227 of 300" classname="domain.legend.LegendTest$EasyMode" time="0.0"/>
  <testcase name="repetition 228 of 300" classname="domain.legend.LegendTest$EasyMode" time="0.0"/>
  <testcase name="repetition 229 of 300" classname="domain.legend.LegendTest$EasyMode" time="0.0"/>
  <testcase name="repetition 230 of 300" classname="domain.legend.LegendTest$EasyMode" time="0.0"/>
  <testcase name="repetition 231 of 300" classname="domain.legend.LegendTest$EasyMode" time="0.0"/>
  <testcase name="repetition 232 of 300" classname="domain.legend.LegendTest$EasyMode" time="0.0"/>
  <testcase name="repetition 233 of 300" classname="domain.legend.LegendTest$EasyMode" time="0.001"/>
  <testcase name="repetition 234 of 300" classname="domain.legend.LegendTest$EasyMode" time="0.0"/>
  <testcase name="repetition 235 of 300" classname="domain.legend.LegendTest$EasyMode" time="0.0"/>
  <testcase name="repetition 236 of 300" classname="domain.legend.LegendTest$EasyMode" time="0.0"/>
  <testcase name="repetition 237 of 300" classname="domain.legend.LegendTest$EasyMode" time="0.0"/>
  <testcase name="repetition 238 of 300" classname="domain.legend.LegendTest$EasyMode" time="0.0"/>
  <testcase name="repetition 239 of 300" classname="domain.legend.LegendTest$EasyMode" time="0.0"/>
  <testcase name="repetition 240 of 300" classname="domain.legend.LegendTest$EasyMode" time="0.0"/>
  <testcase name="repetition 241 of 300" classname="domain.legend.LegendTest$EasyMode" time="0.001"/>
  <testcase name="repetition 242 of 300" classname="domain.legend.LegendTest$EasyMode" time="0.0"/>
  <testcase name="repetition 243 of 300" classname="domain.legend.LegendTest$EasyMode" time="0.0"/>
  <testcase name="repetition 244 of 300" classname="domain.legend.LegendTest$EasyMode" time="0.0"/>
  <testcase name="repetition 245 of 300" classname="domain.legend.LegendTest$EasyMode" time="0.0"/>
  <testcase name="repetition 246 of 300" classname="domain.legend.LegendTest$EasyMode" time="0.0"/>
  <testcase name="repetition 247 of 300" classname="domain.legend.LegendTest$EasyMode" time="0.0"/>
  <testcase name="repetition 248 of 300" classname="domain.legend.LegendTest$EasyMode" time="0.001"/>
  <testcase name="repetition 249 of 300" classname="domain.legend.LegendTest$EasyMode" time="0.0"/>
  <testcase name="repetition 250 of 300" classname="domain.legend.LegendTest$EasyMode" time="0.0"/>
  <testcase name="repetition 251 of 300" classname="domain.legend.LegendTest$EasyMode" time="0.0"/>
  <testcase name="repetition 252 of 300" classname="domain.legend.LegendTest$EasyMode" time="0.0"/>
  <testcase name="repetition 253 of 300" classname="domain.legend.LegendTest$EasyMode" time="0.0"/>
  <testcase name="repetition 254 of 300" classname="domain.legend.LegendTest$EasyMode" time="0.0"/>
  <testcase name="repetition 255 of 300" classname="domain.legend.LegendTest$EasyMode" time="0.0"/>
  <testcase name="repetition 256 of 300" classname="domain.legend.LegendTest$EasyMode" time="0.0"/>
  <testcase name="repetition 257 of 300" classname="domain.legend.LegendTest$EasyMode" time="0.0"/>
  <testcase name="repetition 258 of 300" classname="domain.legend.LegendTest$EasyMode" time="0.0"/>
  <testcase name="repetition 259 of 300" classname="domain.legend.LegendTest$EasyMode" time="0.001"/>
  <testcase name="repetition 260 of 300" classname="domain.legend.LegendTest$EasyMode" time="0.0"/>
  <testcase name="repetition 261 of 300" classname="domain.legend.LegendTest$EasyMode" time="0.001"/>
  <testcase name="repetition 262 of 300" classname="domain.legend.LegendTest$EasyMode" time="0.0"/>
  <testcase name="repetition 263 of 300" classname="domain.legend.LegendTest$EasyMode" time="0.001"/>
  <testcase name="repetition 264 of 300" classname="domain.legend.LegendTest$EasyMode" time="0.0"/>
  <testcase name="repetition 265 of 300" classname="domain.legend.LegendTest$EasyMode" time="0.0"/>
  <testcase name="repetition 266 of 300" classname="domain.legend.LegendTest$EasyMode" time="0.0"/>
  <testcase name="repetition 267 of 300" classname="domain.legend.LegendTest$EasyMode" time="0.0"/>
  <testcase name="repetition 268 of 300" classname="domain.legend.LegendTest$EasyMode" time="0.0"/>
  <testcase name="repetition 269 of 300" classname="domain.legend.LegendTest$EasyMode" time="0.0"/>
  <testcase name="repetition 270 of 300" classname="domain.legend.LegendTest$EasyMode" time="0.0"/>
  <testcase name="repetition 271 of 300" classname="domain.legend.LegendTest$EasyMode" time="0.0"/>
  <testcase name="repetition 272 of 300" classname="domain.legend.LegendTest$EasyMode" time="0.0"/>
  <testcase name="repetition 273 of 300" classname="domain.legend.LegendTest$EasyMode" time="0.001"/>
  <testcase name="repetition 274 of 300" classname="domain.legend.LegendTest$EasyMode" time="0.0"/>
  <testcase name="repetition 275 of 300" classname="domain.legend.LegendTest$EasyMode" time="0.001"/>
  <testcase name="repetition 276 of 300" classname="domain.legend.LegendTest$EasyMode" time="0.0"/>
  <testcase name="repetition 277 of 300" classname="domain.legend.LegendTest$EasyMode" time="0.001"/>
  <testcase name="repetition 278 of 300" classname="domain.legend.LegendTest$EasyMode" time="0.0"/>
  <testcase name="repetition 279 of 300" classname="domain.legend.LegendTest$EasyMode" time="0.0"/>
  <testcase name="repetition 280 of 300" classname="domain.legend.LegendTest$EasyMode" time="0.0"/>
  <testcase name="repetition 281 of 300" classname="domain.legend.LegendTest$EasyMode" time="0.0"/>
  <testcase name="repetition 282 of 300" classname="domain.legend.LegendTest$EasyMode" time="0.0"/>
  <testcase name="repetition 283 of 300" classname="domain.legend.LegendTest$EasyMode" time="0.0"/>
  <testcase name="repetition 284 of 300" classname="domain.legend.LegendTest$EasyMode" time="0.0"/>
  <testcase name="repetition 285 of 300" classname="domain.legend.LegendTest$EasyMode" time="0.0"/>
  <testcase name="repetition 286 of 300" classname="domain.legend.LegendTest$EasyMode" time="0.0"/>
  <testcase name="repetition 287 of 300" classname="domain.legend.LegendTest$EasyMode" time="0.0"/>
  <testcase name="repetition 288 of 300" classname="domain.legend.LegendTest$EasyMode" time="0.0"/>
  <testcase name="repetition 289 of 300" classname="domain.legend.LegendTest$EasyMode" time="0.0"/>
  <testcase name="repetition 290 of 300" classname="domain.legend.LegendTest$EasyMode" time="0.0"/>
  <testcase name="repetition 291 of 300" classname="domain.legend.LegendTest$EasyMode" time="0.0"/>
  <testcase name="repetition 292 of 300" classname="domain.legend.LegendTest$EasyMode" time="0.0"/>
  <testcase name="repetition 293 of 300" classname="domain.legend.LegendTest$EasyMode" time="0.0"/>
  <testcase name="repetition 294 of 300" classname="domain.legend.LegendTest$EasyMode" time="0.0"/>
  <testcase name="repetition 295 of 300" classname="domain.legend.LegendTest$EasyMode" time="0.0"/>
  <testcase name="repetition 296 of 300" classname="domain.legend.LegendTest$EasyMode" time="0.001"/>
  <testcase name="repetition 297 of 300" classname="domain.legend.LegendTest$EasyMode" time="0.0"/>
  <testcase name="repetition 298 of 300" classname="domain.legend.LegendTest$EasyMode" time="0.0"/>
  <testcase name="repetition 299 of 300" classname="domain.legend.LegendTest$EasyMode" time="0.0"/>
  <testcase name="repetition 300 of 300" classname="domain.legend.LegendTest$EasyMode" time="0.0"/>
  <system-out><![CDATA[]]></system-out>
  <system-err><![CDATA[]]></system-err>
</testsuite>
