<?xml version="1.0" encoding="UTF-8"?>
<testsuite name="domain.legend.LegendTest$NormalMode" tests="1" skipped="0" failures="0" errors="0" timestamp="2024-05-12T17:00:00" hostname="THEONE" time="0.031">
  <properties/>
  <testcase name="Should takes damages()" classname="domain.legend.LegendTest$NormalMode" time="0.031"/>
  <system-out><![CDATA[]]></system-out>
  <system-err><![CDATA[]]></system-err>
</testsuite>
