<?xml version="1.0" encoding="UTF-8"?>
<testsuite name="domain.legend.LegendTest$Fails" tests="5" skipped="0" failures="0" errors="0" timestamp="2024-06-24T11:35:39" hostname="THEONE" time="0.009">
  <properties/>
  <testcase name="Should throw might level exception()" classname="domain.legend.LegendTest$Fails" time="0.001"/>
  <testcase name="Should throw bad name exception()" classname="domain.legend.LegendTest$Fails" time="0.001"/>
  <testcase name="Should throw agility exception()" classname="domain.legend.LegendTest$Fails" time="0.005"/>
  <testcase name="Should throw perception exception()" classname="domain.legend.LegendTest$Fails" time="0.001"/>
  <testcase name="Should throw strength exception()" classname="domain.legend.LegendTest$Fails" time="0.001"/>
  <system-out><![CDATA[]]></system-out>
  <system-err><![CDATA[]]></system-err>
</testsuite>
