<?xml version="1.0" encoding="UTF-8"?>
<testsuite name="domain.HeroTest$HeroIsHealed" tests="2" skipped="0" failures="0" errors="0" timestamp="2024-06-29T21:02:55" hostname="THEONE" time="0.0">
  <properties/>
  <testcase name="hero is healed()" classname="domain.HeroTest$HeroIsHealed" time="0.0"/>
  <testcase name="hero cannot be heal more than might level()" classname="domain.HeroTest$HeroIsHealed" time="0.0"/>
  <system-out><![CDATA[]]></system-out>
  <system-err><![CDATA[]]></system-err>
</testsuite>
