<?xml version="1.0" encoding="UTF-8"?>
<testsuite name="domain.HeroTest$Fails" tests="4" skipped="0" failures="0" errors="0" timestamp="2024-07-01T12:49:46" hostname="GY6JX733N1" time="0.02">
  <properties/>
  <testcase name="should throw bad name exception()" classname="domain.HeroTest$Fails" time="0.011"/>
  <testcase name="should throw strength exception()" classname="domain.HeroTest$Fails" time="0.006"/>
  <testcase name="should throw perception exception()" classname="domain.HeroTest$Fails" time="0.001"/>
  <testcase name="should throw agility exception()" classname="domain.HeroTest$Fails" time="0.001"/>
  <system-out><![CDATA[]]></system-out>
  <system-err><![CDATA[]]></system-err>
</testsuite>
